<?xml version="1.0" encoding="UTF-8" ?>
<testsuite tests="4" failures="0" name="com.taotao.solrj.TestSolrJ" time="2.555" errors="0" skipped="0">
  <properties>
[...]
</properties>
  <testcase classname="com.taotao.solrj.TestSolrJ" name="searchDocumet" time="2.461"/>
  <testcase classname="com.taotao.solrj.TestSolrJ" name="deleteDocumentByQuery" time="0.012"/>
  <testcase classname="com.taotao.solrj.TestSolrJ" name="testAddDocument" time="0.048"/>
  <testcase classname="com.taotao.solrj.TestSolrJ" name="deleteDocumentById" time="0.034"/>
</testsuite>